<?xml version="1.0" encoding="UTF-8"?>
<!-- Generated by org.testng.reporters.JUnitReportReporter -->
<testsuite hostname="DESKTOP-7C1M2RR" failures="0" tests="1" name="com.Vtiger_TestScripts.TestCase_10" time="61.452" errors="0" timestamp="18 Apr 2021 09:32:29 GMT" skipped="0">
  <testcase classname="com.Vtiger_TestScripts.TestCase_10" name="TestCase_10" time="61.452"/>
</testsuite> <!-- com.Vtiger_TestScripts.TestCase_10 -->
