<?xml version="1.0" encoding="UTF-8"?>
<!-- Generated by org.testng.reporters.JUnitReportReporter -->
<testsuite hostname="DESKTOP-7C1M2RR" failures="0" tests="1" name="com.Vtiger_TestScripts.TestCase_9" time="40.686" errors="0" timestamp="18 Apr 2021 09:16:51 GMT" skipped="0">
  <testcase classname="com.Vtiger_TestScripts.TestCase_9" name="TestCase_9" time="40.686"/>
</testsuite> <!-- com.Vtiger_TestScripts.TestCase_9 -->
