<?xml version="1.0" encoding="UTF-8"?>
<!-- Generated by org.testng.reporters.JUnitReportReporter -->
<testsuite hostname="DESKTOP-7C1M2RR" failures="0" tests="1" name="com.Vtiger_TestScripts.CreateOrganisation" time="61.503" errors="0" timestamp="17 Apr 2021 16:42:53 GMT" skipped="0">
  <testcase classname="com.Vtiger_TestScripts.CreateOrganisation" name="testScript01" time="61.503"/>
</testsuite> <!-- com.Vtiger_TestScripts.CreateOrganisation -->
