<?xml version="1.0" encoding="UTF-8"?>
<!-- Generated by org.testng.reporters.JUnitReportReporter -->
<testsuite hostname="DESKTOP-7C1M2RR" failures="0" tests="1" name="com.Vtiger_TestScripts.TestCase_8" time="66.213" errors="0" timestamp="18 Apr 2021 09:15:08 GMT" skipped="0">
  <testcase classname="com.Vtiger_TestScripts.TestCase_8" name="TestCase_8" time="66.213"/>
</testsuite> <!-- com.Vtiger_TestScripts.TestCase_8 -->
